(B(t,341.74231,345.748871,352.512756,360.128998), D(t,199.229019,212.9207,224.798553,236.298355))
(B(t,360.128998,349.016083,343.441223,337.89328), D(t,236.298355,226.441772,213.197556,198.842575))
(B(t,337.89328,332.517029,327.547333,323.191345), D(t,198.842575,207.045105,214.081589,221.479431))
(B(t,323.191345,320.606934,325.308044,330.382019), D(t,221.479431,225.868515,234.543884,235.693527))
(B(t,330.382019,332.4711,334.649292,336.351013), D(t,235.693527,236.166885,236.350342,238.35347))
(B(t,336.351013,334.189392,331.607147,329.199158), D(t,238.35347,240.798798,238.559631,239.38858))
(B(t,329.199158,336.206573,342.966492,349.72641), D(t,239.38858,241.258957,243.063263,244.867569))
(B(t,349.72641,349.626526,349.526672,349.426788), D(t,244.867569,245.400436,245.933289,246.466156))
(B(t,349.426788,343.644989,338.056,332.084991), D(t,246.466156,248.141098,245.369095,244.781601))
(B(t,332.084991,335.43335,351.045776,358.203857), D(t,244.781601,247.391205,250.02887,249.053116))
(B(t,358.203857,352.74823,347.656464,341.192383), D(t,249.053116,253.767761,257.334778,258.072113))
(B(t,341.192383,338.021881,337.297638,337.824646), D(t,258.072113,258.433807,259.567078,262.573853))
(B(t,337.824646,338.540802,339.066742,339.16037), D(t,262.573853,266.659424,270.820312,274.960541))
(B(t,339.16037,339.244476,340.303284,344.238007), D(t,274.960541,278.680573,279.818268,279.271973))
(B(t,344.238007,351.310822,358.445496,365.629883), D(t,279.271973,278.290131,277.50589,277.694916))
(B(t,365.629883,367.630402,369.616455,371.397064), D(t,277.694916,277.747559,277.712555,279.22879))
(B(t,371.397064,370.644775,368.50296,366.682007), D(t,279.22879,281.663849,281.902802,282.205994))
(B(t,366.682007,359.95993,353.219421,346.460205), D(t,282.205994,283.325317,284.356079,285.219513))
(B(t,346.460205,343.882141,341.454834,340.408539), D(t,285.219513,285.548798,285.752655,289.417358))
(B(t,340.408539,338.358368,335.992859,333.457123), D(t,289.417358,286.327118,286.778809,287.160767))
(B(t,333.457123,327.688324,321.979858,316.458557), D(t,287.160767,288.029663,289.010864,291.013214))
(B(t,316.458557,313.019684,310.95813,310.143188), D(t,291.013214,292.260406,294.303894,297.99115))
(B(t,310.143188,307.774414,305.159851,302.673431), D(t,297.99115,308.708862,319.372162,330.064148))
(B(t,302.673431,302.213684,302.522369,302.944763), D(t,330.064148,332.041107,333.975433,335.976166))
(B(t,302.944763,305.759644,310.096466,311.716187), D(t,335.976166,349.309998,362.327728,375.900238))
(B(t,311.716187,315.402588,308.651123,290.154633), D(t,375.900238,406.790222,435.109619,460.350006))
(B(t,290.154633,280.823486,267.163361,252.674713), D(t,460.350006,473.083344,478.930878,483.278625))
(B(t,252.674713,232.991638,213.547745,193.985901), D(t,483.278625,489.185028,485.945068,482.061493))
(B(t,193.985901,180.636948,171.129013,161.630768), D(t,482.061493,479.411377,471.288239,462.530334))
(B(t,161.630768,146.987427,140.533798,137.978455), D(t,462.530334,449.02829,431.754517,412.670044))
(B(t,137.978455,136.974838,138.518402,140.264618), D(t,412.670044,405.174683,397.726715,390.426788))
(B(t,140.264618,141.833237,142.734344,140.521561), D(t,390.426788,383.869293,377.461639,370.775146))
(B(t,140.521561,139.270554,140.260788,140.163925), D(t,370.775146,366.994934,362.839142,358.859589))
(B(t,140.163925,139.936249,143.727356,146.527115), D(t,358.859589,349.506989,341.202271,332.64505))
(B(t,146.527115,149.434784,153.383774,158.006561), D(t,332.64505,323.758057,315.257172,307.179474))
(B(t,158.006561,165.260757,170.166641,179.882263), D(t,307.179474,294.503632,280.464355,269.208679))
(B(t,179.882263,181.123779,180.796143,180.358276), D(t,269.208679,267.770355,266.089661,264.451355))
(B(t,180.358276,177.109741,171.938477,159.180588), D(t,264.451355,252.2966,241.624924,236.699295))
(B(t,159.180588,157.012878,154.928345,152.879089), D(t,236.699295,235.862381,234.778351,233.671967))
(B(t,152.879089,145.068069,137.463104,128.289536), D(t,233.671967,229.454803,225.593704,230.829941))
(B(t,128.289536,125.233063,121.033409,116.893448), D(t,230.829941,232.574554,233.240601,231.820663))
(B(t,116.893448,117.662338,119.723991,121.627678), D(t,231.820663,229.366623,228.511322,227.805817))
(B(t,121.627678,125.383308,129.052338,132.53064), D(t,227.805817,226.414001,224.935959,222.893158))
(B(t,132.53064,135.210831,137.941208,140.986954), D(t,222.893158,221.319077,221.262527,222.936447))
(B(t,140.986954,145.594635,150.559769,156.442764), D(t,222.936447,225.468765,227.350693,229.988693))
(B(t,156.442764,152.123581,147.325897,145.409592), D(t,229.988693,224.515884,220.817581,214.983521))
(B(t,145.409592,147.529114,147.825302,148.362732), D(t,214.983521,214.126801,215.689377,216.472687))
(B(t,148.362732,151.432281,155.400452,159.894394), D(t,216.472687,220.946655,224.394379,227.384247))
(B(t,159.894394,168.573303,177.55098,182.71965), D(t,227.384247,233.158447,243.668854,253.762695))
(B(t,182.71965,195.958206,196.588943,192.838181), D(t,253.762695,250.241959,236.510132,221.970001))
(B(t,192.838181,188.364944,185.279846,181.483932), D(t,221.970001,222.498627,225.845673,227.676178))
(B(t,181.483932,177.889709,174.759186,169.254715), D(t,227.676178,229.409409,232.337509,232.111465))
(B(t,169.254715,173.761627,179.327774,183.298737), D(t,232.111465,227.575836,226.623901,223.218658))
(B(t,183.298737,184.802597,186.505264,188.301712), D(t,223.218658,221.929047,220.762802,219.945755))
(B(t,188.301712,191.894821,191.267441,190.181046), D(t,219.945755,218.311554,215.938538,213.008286))
(B(t,190.181046,188.954681,186.866608,184.526001), D(t,213.008286,209.7005,210.656448,211.198685))
(B(t,184.526001,182.057999,179.664642,176.264648), D(t,211.198685,211.770416,213.282928,212.189972))
(B(t,176.264648,179.551392,183.335464,186.283661), D(t,212.189972,209.613373,209.502563,207.579071))
(B(t,186.283661,177.197922,168.555649,159.16716), D(t,207.579071,208.932678,212.458359,212.278946))
(B(t,159.16716,166.316162,173.503555,180.455963), D(t,212.278946,209.623169,207.210236,204.039612))
(B(t,180.455963,167.133041,153.927841,140.136688), D(t,204.039612,206.57666,209.73912,210.31221))
(B(t,140.136688,144.713638,149.843002,154.412704), D(t,210.31221,207.422043,205.736237,202.969818))
(B(t,154.412704,159.678177,165.16394,170.579453), D(t,202.969818,199.78215,196.95575,194.019333))
(B(t,170.579453,174.543915,175.923828,175.180084), D(t,194.019333,191.869659,189.106583,184.238266))
(B(t,175.180084,173.80574,173.551315,170.884003), D(t,184.238266,175.24202,166.074768,156.615005))
(B(t,170.884003,161.714935,152.695404,143.675858), D(t,156.615005,159.695816,162.726379,165.756943))
(B(t,143.675858,144.854324,147.195312,149.344589), D(t,165.756943,162.976334,162.31279,161.4375))
(B(t,149.344589,155.047546,160.752335,166.542206), D(t,161.4375,159.115005,156.78363,154.69342))
(B(t,166.542206,169.474396,170.747467,169.992249), D(t,154.69342,153.634888,152.454208,148.911835))
(B(t,169.992249,168.403793,167.462738,166.113953), D(t,148.911835,141.461075,133.872269,125.453865))
(B(t,166.113953,154.043976,141.875031,126.581573), D(t,125.453865,136.149582,145.953003,152.265549))
(B(t,126.581573,126.89167,129.110718,130.51236), D(t,152.265549,149.13678,148.609756,147.567398))
(B(t,130.51236,135.721695,140.981812,146.352615), D(t,147.567398,143.693359,139.878433,136.232452))
(B(t,146.352615,161.132843,169.457458,179.659821), D(t,136.232452,126.198906,110.638672,96.81572))
(B(t,179.659821,194.192154,206.64267,219.580063), D(t,96.81572,77.126198,56.001995,35.230988))
(B(t,219.580063,219.741058,220.092697,221.161331), D(t,35.230988,34.972519,34.832806,34.038795))
(B(t,221.161331,221.806656,218.077942,215.67215), D(t,34.038795,40.451481,44.628109,49.16819))
(B(t,215.67215,213.12114,210.298645,207.278305), D(t,49.16819,53.982307,58.652557,63.939476))
(B(t,207.278305,214.300964,220.448654,226.622025), D(t,63.939476,63.792408,62.531109,61.584534))
(B(t,226.622025,231.714081,236.745895,241.857819), D(t,61.584534,60.803768,59.547077,59.007629))
(B(t,241.857819,245.377823,246.966919,246.805023), D(t,59.007629,58.636181,57.349438,53.735012))
(B(t,246.805023,246.719696,246.863678,248.732941), D(t,53.735012,51.830101,49.787182,48.0331))
(B(t,248.732941,250.492966,249.342163,249.903366), D(t,48.0331,50.742348,53.686882,56.339828))
(B(t,249.903366,250.367966,251.017792,253.358658), D(t,56.339828,58.53614,59.97543,60.560364))
(B(t,253.358658,260.50293,267.844238,275.099182), D(t,60.560364,62.345547,62.584259,63.487061))
(B(t,275.099182,277.335785,278.272522,279.103271), D(t,63.487061,63.765388,62.086941,60.366001))
(B(t,279.103271,280.332123,281.528473,282.906525), D(t,60.366001,57.820374,55.252419,52.78783))
(B(t,282.906525,283.809265,285.305145,287.138367), D(t,52.78783,51.17334,50.423847,51.304096))
(B(t,287.138367,289.083252,289.012299,288.316772), D(t,51.304096,52.237946,53.883812,55.570351))
(B(t,288.316772,287.372009,286.340027,285.261993), D(t,55.570351,57.861156,60.115982,62.576706))
(B(t,285.261993,288.472534,292.018127,295.162079), D(t,62.576706,65.041435,65.526665,63.947021))
(B(t,295.162079,297.993774,299.877777,302.476013), D(t,63.947021,62.524235,62.839638,64.29213))
(B(t,302.476013,305.239319,308.587677,311.772797), D(t,64.29213,65.836906,65.678062,65.600502))
(B(t,311.772797,314.197174,314.664612,315.093719), D(t,65.600502,65.541473,63.833241,61.95158))
(B(t,315.093719,316.070557,315.767578,315.683563), D(t,61.95158,57.667778,53.320919,49.006294))
(B(t,315.683563,315.614777,316.476044,317.305573), D(t,49.006294,45.474434,42.2225,38.594528))
(B(t,317.305573,320.019257,319.191803,319.237396), D(t,38.594528,39.887062,41.907207,43.525658))
(B(t,319.237396,319.669861,316.976074,313.111664), D(t,43.525658,58.879761,73.837204,88.59417))
(B(t,313.111664,312.276642,312.683167,315.208527), D(t,88.59417,91.782776,93.700439,95.929909))
(B(t,315.208527,322.788177,323.8992,326.755066), D(t,95.929909,102.621536,105.270119,119.580811))
(B(t,326.755066,330.809052,331.995453,332.064117), D(t,119.580811,118.973335,116.473885,112.629997))
(B(t,332.064117,332.27002,331.056732,329.462799), D(t,112.629997,101.098183,89.702408,78.312378))
(B(t,329.462799,328.992401,326.979797,325.046997), D(t,78.312378,74.950851,72.674713,70.052498))
(B(t,325.046997,331.61145,335.981842,342.122314), D(t,70.052498,71.712753,77.145393,80.129593))
(B(t,342.122314,343.030029,341.385376,341.734711), D(t,80.129593,77.075294,74.559975,71.966446))
(B(t,341.734711,341.94519,342.157745,344.017517), D(t,71.966446,70.403946,68.80336,68.599754))
(B(t,344.017517,345.741394,346.118408,346.437469), D(t,68.599754,68.411018,69.947044,71.241707))
(B(t,346.437469,346.993408,347.979858,347.876099), D(t,71.241707,73.49736,75.797638,78.037071))
(B(t,347.876099,347.557953,351.591339,356.839661), D(t,78.037071,84.906326,88.622902,91.72908))
(B(t,356.839661,358.661865,360.486725,361.93457), D(t,91.72908,92.807549,93.983757,96.630051))
(B(t,361.93457,356.736053,354.231598,349.973328), D(t,96.630051,96.435013,92.174614,91.014519))
(B(t,349.973328,348.57431,350.073364,350.071991), D(t,91.014519,93.396774,95.786789,98.130699))
(B(t,350.071991,350.0672,350.087921,350.077637), D(t,98.130699,106.293594,114.456512,122.619385))
(B(t,350.077637,350.07132,347.517181,341.683899), D(t,122.619385,127.636406,129.946136,129.243591))
(B(t,341.683899,347.902008,355.195618,362.813812), D(t,129.243591,136.897995,142.198517,148.306946))
(B(t,362.813812,358.614105,356.413635,354.466217), D(t,148.306946,149.397751,147.356308,145.659256))
(B(t,354.466217,350.708191,346.708344,343.874847), D(t,145.659256,142.384384,139.125946,135.108734))
(B(t,343.874847,338.882019,332.384674,324.684204), D(t,135.108734,128.030228,128.375443,129.86499))
(B(t,324.684204,326.103455,327.312256,328.802734), D(t,129.86499,133.388855,136.769424,140.020874))
(B(t,328.802734,333.565735,335.597748,337.921814), D(t,140.020874,150.411133,161.573624,172.622162))
(B(t,337.921814,338.865662,339.24176,335.64563), D(t,172.622162,177.109451,181.925674,185.681244))
(B(t,335.64563,336.721497,338.720276,340.311798), D(t,185.681244,187.722366,187.989288,189.394333))
(B(t,340.311798,344.673828,347.099396,351.993591), D(t,189.394333,185.010544,179.256714,173.676025))
(B(t,351.993591,350.539551,347.186493,344.285034), D(t,173.676025,180.290466,184.377548,188.66954))
(B(t,344.285034,342.181976,340.298737,341.74231), D(t,188.66954,191.780502,194.872559,199.229019))
(B(t,211.955521,222.225281,232.118256,241.928665), D(t,108.304794,107.0224,104.181122,101.016373))
(B(t,241.928665,244.010056,246.356766,246.423691), D(t,101.016373,100.344933,99.531708,96.933723))
(B(t,246.423691,246.722107,247.106232,246.141327), D(t,96.933723,85.349396,73.754128,61.911575))
(B(t,246.141327,232.95845,220.424591,207.59848), D(t,61.911575,63.461464,66.235069,66.353806))
(B(t,207.59848,205.883484,204.93042,204.172363), D(t,66.353806,66.369682,67.66748,68.95739))
(B(t,204.172363,194.711975,183.359222,171.884171), D(t,68.95739,85.055176,99.801025,114.470795))
(B(t,171.884171,170.073761,168.244186,168.627899), D(t,114.470795,116.785225,119.60656,122.59787))
(B(t,168.627899,169.78862,171.41774,172.8255), D(t,122.59787,131.64653,140.634598,149.652328))
(B(t,172.8255,173.34343,175.197479,178.436218), D(t,149.652328,152.970093,154.170792,153.527161))
(B(t,178.436218,183.328247,188.224091,193.129822), D(t,153.527161,152.554947,151.599274,150.699326))
(B(t,193.129822,208.036545,222.683334,237.016922), D(t,150.699326,147.964767,144.269653,139.299667))
(B(t,237.016922,240.658554,243.032944,243.224213), D(t,139.299667,138.036972,136.41507,132.121613))
(B(t,243.224213,243.490173,244.295334,244.825684), D(t,132.121613,126.151703,120.20681,114.247292))
(B(t,244.825684,245.124664,246.54422,244.677551), D(t,114.247292,110.887947,107.502113,103.59745))
(B(t,244.677551,233.222092,221.906662,209.983414), D(t,103.59745,107.420746,111.286743,112.572662))
(B(t,209.983414,198.424606,186.907242,175.244843), D(t,112.572662,113.819283,117.244331,114.506516))
(B(t,175.244843,175.217621,175.190414,175.163193), D(t,114.506516,114.016487,113.526451,113.036423))
(B(t,175.163193,187.14006,199.116943,211.955521), D(t,113.036423,111.523918,110.011414,108.304794))
(B(t,201.066864,195.907883,190.788132,185.665024), D(t,273.355286,273.179901,273.293182,274.214447))
(B(t,185.665024,183.177963,181.871979,181.050583), D(t,274.214447,274.661682,275.78598,278.053802))
(B(t,181.050583,178.503433,175.968185,173.163651), D(t,278.053802,285.086121,292.128143,299.059296))
(B(t,173.163651,171.988922,172.634811,175.548706), D(t,299.059296,301.962555,303.33905,304.191803))
(B(t,175.548706,187.211243,199.049332,211.093857), D(t,304.191803,307.604858,310.151245,311.769135))
(B(t,211.093857,214.565155,216.885437,218.900436), D(t,311.769135,312.235413,311.337799,308.066986))
(B(t,218.900436,222.574081,226.921143,230.987259), D(t,308.066986,302.103821,296.555481,290.834106))
(B(t,230.987259,231.921829,230.540878,229.284698), D(t,290.834106,293.736481,295.558777,297.411499))
(B(t,229.284698,226.485718,223.693115,220.834137), D(t,297.411499,301.539642,305.672852,309.759369))
(B(t,220.834137,219.05484,219.524902,222.036041), D(t,309.759369,312.302673,313.949249,315.953094))
(B(t,222.036041,234.740173,249.060608,263.3078), D(t,315.953094,326.090851,333.494476,341.07016))
(B(t,263.3078,265.821747,267.356415,269.069031), D(t,341.07016,342.406891,341.498657,340.065491))
(B(t,269.069031,272.766022,276.39325,280.145813), D(t,340.065491,336.971771,333.792267,330.768005))
(B(t,280.145813,287.09024,287.399261,281.624481), D(t,330.768005,325.171478,322.520538,315.692352))
(B(t,281.624481,280.553955,279.452271,278.152832), D(t,315.692352,314.426544,313.131409,312.12323))
(B(t,278.152832,255.240219,230.931641,201.066864), D(t,312.12323,294.347107,279.30011,273.355286))
(B(t,177.579849,178.140625,180.083954,183.314224), D(t,184.876389,188.260559,189.157684,188.371796))
(B(t,183.314224,186.375275,189.503403,192.62738), D(t,188.371796,187.627075,187.112701,186.679855))
(B(t,192.62738,205.340393,217.706451,230.063675), D(t,186.679855,184.918442,181.655624,178.300171))
(B(t,230.063675,235.308762,238.352676,238.643738), D(t,178.300171,176.875931,174.087585,168.340454))
(B(t,238.643738,238.844391,240.030365,240.382462), D(t,168.340454,164.378738,160.475235,156.510773))
(B(t,240.382462,240.812851,242.771484,241.024231), D(t,156.510773,151.664566,146.839478,141.582458))
(B(t,241.024231,234.417282,228.538254,222.326706), D(t,141.582458,142.726654,145.557053,147.21106))
(B(t,222.326706,207.869263,193.253571,178.476868), D(t,147.21106,151.060822,154.203171,156.564377))
(B(t,178.476868,175.582169,173.910522,174.867462), D(t,156.564377,157.026917,157.933411,161.448105))
(B(t,174.867462,176.880386,176.794434,177.579849), D(t,161.448105,168.8414,176.517532,184.876389))
(B(t,223.838638,221.878891,220.226044,217.874817), D(t,437.215027,440.687134,444.385895,447.568787))
(B(t,217.874817,215.426132,216.484467,219.226501), D(t,447.568787,450.883606,452.8685,455.061829))
(B(t,219.226501,224.840622,230.822708,237.341858), D(t,455.061829,459.552429,463.489349,466.45282))
(B(t,237.341858,243.83551,250.432587,257.886414), D(t,466.45282,469.404633,472.165833,471.857574))
(B(t,257.886414,260.716919,262.411163,263.558319), D(t,471.857574,471.740448,471.055817,468.258331))
(B(t,263.558319,269.926208,276.522797,282.907379), D(t,468.258331,452.729156,437.293823,421.771362))
(B(t,282.907379,283.935028,285.333038,285.213531), D(t,421.771362,419.272919,416.755219,413.096954))
(B(t,285.213531,277.830719,270.99884,264.010651), D(t,413.096954,415.920044,418.741791,421.100403))
(B(t,264.010651,261.260468,259.89032,259.249115), D(t,421.100403,422.028625,423.486298,426.163452))
(B(t,259.249115,258.08429,256.289673,254.009048), D(t,426.163452,431.027039,435.67984,440.132141))
(B(t,254.009048,253.205261,251.708023,250.218048), D(t,440.132141,441.701355,443.485687,441.713715))
(B(t,250.218048,245.133881,237.922394,231.623245), D(t,441.713715,435.66748,437.664429,436.434418))
(B(t,231.623245,229.312515,226.590775,223.838638), D(t,436.434418,435.983215,433.766846,437.215027))
(B(t,237.944672,240.935623,243.929367,246.916641), D(t,421.620972,421.69104,421.87146,421.795929))
(B(t,246.916641,249.260178,250.609894,250.386948), D(t,421.795929,421.736694,420.514252,417.951935))
(B(t,250.386948,249.854034,249.875,246.796463), D(t,417.951935,411.827148,405.5354,399.989929))
(B(t,246.796463,241.105347,234.19162,221.743927), D(t,399.989929,389.73819,380.348907,378.319244))
(B(t,221.743927,210.056396,199.415985,189.861206), D(t,378.319244,376.413544,380.047119,387.051361))
(B(t,189.861206,186.513489,186.414352,189.025833), D(t,387.051361,389.505432,391.413361,394.70282))
(B(t,189.025833,201.393768,217.796188,237.944672), D(t,394.70282,410.281586,418.401581,421.620972))
(B(t,307.963348,310.034027,310.312988,306.159088), D(t,392.376953,385.008545,377.545258,370.962006))
(B(t,306.159088,298.647522,292.400604,289.455353), D(t,370.962006,359.057343,346.710022,332.84433))
(B(t,289.455353,289.159515,288.750671,286.629578), D(t,332.84433,331.451477,329.90329,329.039795))
(B(t,286.629578,281.316315,275.954681,270.260864), D(t,329.039795,333.388641,338.07312,342.311462))
(B(t,270.260864,267.452362,267.062256,268.161438), D(t,342.311462,344.402039,346.342865,349.499268))
(B(t,268.161438,272.316132,276.056335,280.292633), D(t,349.499268,361.429779,373.50592,385.406189))
(B(t,280.292633,282.827271,285.995331,289.018585), D(t,385.406189,392.526398,399.421082,406.756561))
(B(t,289.018585,296.662659,302.424835,307.963348), D(t,406.756561,403.113556,398.479675,392.376953))
(B(t,204.53299,210.359833,217.247375,224.653351), D(t,349.940186,355.582245,359.494049,362.698273))
(B(t,224.653351,231.17128,237.259659,242.492905), D(t,362.698273,365.518311,367.048096,360.380066))
(B(t,242.492905,243.281311,244.670624,245.700577), D(t,360.380066,359.375519,358.863678,358.024078))
(B(t,245.700577,251.292068,257.504761,262.84436), D(t,358.024078,353.466034,349.653137,344.302094))
(B(t,262.84436,246.676971,230.971848,217.014053), D(t,344.302094,335.874908,327.641815,316.177216))
(B(t,217.014053,211.161942,207.245102,202.757904), D(t,316.177216,324.839233,333.662964,342.18103))
(B(t,202.757904,201.147156,201.199722,204.53299), D(t,342.18103,345.238739,347.438904,349.940186))
(B(t,191.947342,186.801697,181.65361,176.511765), D(t,454.486633,454.76059,454.996735,455.329529))
(B(t,176.511765,174.762268,172.742142,172.779648), D(t,455.329529,455.442719,455.170776,458.081757))
(B(t,172.779648,172.871628,178.689041,185.367447), D(t,458.081757,465.222595,474.416351,476.49707))
(B(t,185.367447,203.654449,222.450119,241.493057), D(t,476.49707,482.194489,484.460693,482.408813))
(B(t,241.493057,248.348297,255.353683,262.24115), D(t,482.408813,481.670166,479.88562,475.562592))
(B(t,262.24115,243.378052,228.494843,215.271622), D(t,475.562592,474.766418,467.004456,455.443268))
(B(t,215.271622,214.027512,212.706543,210.802002), D(t,455.443268,454.35556,453.351257,453.742676))
(B(t,210.802002,204.870331,198.849152,191.947342), D(t,453.742676,454.9617,453.988495,454.486633))
(B(t,248.855301,259.058746,262.604797,261.337646), D(t,378.659576,389.56427,402.808319,418.019531))
(B(t,261.337646,269.435974,275.989258,282.609467), D(t,418.019531,415.908203,413.195709,410.643494))
(B(t,282.609467,286.050476,286.615295,285.01889), D(t,410.643494,409.316956,407.706879,404.264984))
(B(t,285.01889,279.48996,275.195648,271.281494), D(t,404.264984,392.344666,379.938934,367.396606))
(B(t,271.281494,269.225098,266.893372,264.386505), D(t,367.396606,360.807068,354.303467,346.873474))
(B(t,264.386505,254.576523,245.464279,235.840515), D(t,346.873474,354.393311,361.378326,368.755402))
(B(t,235.840515,240.359131,245.324081,248.855301), D(t,368.755402,372.427307,374.073303,378.659576))
(B(t,212.408569,214.289825,211.852051,210.124115), D(t,318.238342,315.281342,315.424896,315.05127))
(B(t,210.124115,197.945587,185.597397,173.649246), D(t,315.05127,312.417908,310.524536,306.895477))
(B(t,173.649246,170.883469,170.126266,169.398087), D(t,306.895477,306.05542,307.429291,309.55069))
(B(t,169.398087,166.628387,165.557449,164.275681), D(t,309.55069,317.619659,326.026276,334.398895))
(B(t,164.275681,163.791809,165.123932,167.935608), D(t,334.398895,337.559692,339.249176,340.570496))
(B(t,167.935608,176.579163,185.719543,195.119598), D(t,340.570496,344.632416,345.789093,345.884918))
(B(t,195.119598,197.535965,198.657486,199.64386), D(t,345.884918,345.909515,344.664856,342.731964))
(B(t,199.64386,203.724518,207.896622,212.408569), D(t,342.731964,334.735626,326.78595,318.238342))
(B(t,307.384369,303.543152,299.897858,295.802582), D(t,397.626648,400.531525,403.759094,406.245483))
(B(t,295.802582,292.115387,290.081421,288.568207), D(t,406.245483,408.4841,411.633118,415.395813))
(B(t,288.568207,283.118744,277.482849,272.297974), D(t,415.395813,428.945831,442.424774,456.075134))
(B(t,272.297974,270.410065,267.386017,266.608429), D(t,456.075134,461.045502,465.70163,471.215942))
(B(t,266.608429,270.679901,273.616577,276.487427), D(t,471.215942,472.234344,471.378113,469.232208))
(B(t,276.487427,282.969727,288.450134,292.405273), D(t,469.232208,464.386871,458.704742,451.605133))
(B(t,292.405273,297.670349,302.759003,305.775085), D(t,451.605133,442.154114,432.557098,422.162415))
(B(t,305.775085,308.089874,310.190369,307.384369), D(t,422.162415,414.184692,405.949554,397.626648))
(B(t,182.977051,184.126617,186.068985,186.305481), D(t,199.030884,199.01059,198.577927,199.032562))
(B(t,186.305481,189.300446,192.921051,196.033279), D(t,199.032562,204.790497,200.05098,199.525055))
(B(t,196.033279,200.075333,203.965363,207.920822), D(t,199.525055,198.842026,197.25946,196.064072))
(B(t,207.920822,208.088669,208.256531,208.424377), D(t,196.064072,196.525162,196.986252,197.447357))
(B(t,208.424377,203.670547,197.181061,192.07225), D(t,197.447357,201.433975,202.261139,205.678268))
(B(t,192.07225,201.659103,210.235535,220.306473), D(t,205.678268,203.88147,198.736084,196.726028))
(B(t,220.306473,219.4086,217.559082,216.135406), D(t,196.726028,199.484634,199.641113,200.349167))
(B(t,216.135406,210.156311,203.770615,197.489212), D(t,200.349167,203.322723,205.234909,207.414597))
(B(t,197.489212,195.136383,192.250168,193.564651), D(t,207.414597,208.231018,208.582916,212.269592))
(B(t,193.564651,194.543732,194.93338,199.465149), D(t,212.269592,215.015549,218.028885,217.129913))
(B(t,199.465149,210.763092,221.628799,232.564697), D(t,217.129913,214.888702,211.238464,207.781464))
(B(t,232.564697,234.581741,235.110016,235.839249), D(t,207.781464,207.143875,205.530609,203.760925))
(B(t,235.839249,239.026108,233.284775,236.690475), D(t,203.760925,196.027008,188.453674,180.371353))
(B(t,236.690475,216.939407,198.319778,179.70462), D(t,180.371353,184.703278,188.787048,192.869843))
(B(t,179.70462,180.10202,180.915756,182.977051), D(t,192.869843,195.48671,197.261444,199.030884))
(B(t,193.274612,190.601852,183.87793,175.230133), D(t,428.18045,418.806213,416.78717,418.211823))
(B(t,175.230133,174.417847,173.56636,172.740402), D(t,418.211823,418.345642,418.331512,418.276367))
(B(t,172.740402,169.582382,168.270538,168.216965), D(t,418.276367,418.06543,419.4823,422.669586))
(B(t,168.216965,168.068283,169.302078,170.725723), D(t,422.669586,431.517181,440.215179,448.900726))
(B(t,170.725723,171.08844,172.052124,174.740341), D(t,448.900726,451.11377,452.317017,452.149445))
(B(t,174.740341,180.705612,186.701096,192.675751), D(t,452.149445,451.777618,451.921234,451.660065))
(B(t,192.675751,198.016571,203.345993,209.46463), D(t,451.660065,451.426605,450.932098,450.497009))
(B(t,209.46463,203.424774,197.601166,193.274612), D(t,450.497009,442.969879,436.554596,428.18045))
(B(t,277.976166,268.764648,259.553375,250.341568), D(t,187.357056,185.239532,183.120941,181.004761))
(B(t,250.341568,239.223953,237.487656,239.331497), D(t,181.004761,178.450745,179.945648,191.556122))
(B(t,239.331497,240.040573,241.148361,239.360016), D(t,191.556122,196.021194,200.242859,204.717896))
(B(t,239.360016,238.156845,240.422272,242.795898), D(t,204.717896,207.728577,208.4552,208.695663))
(B(t,242.795898,249.417068,256.035217,262.668732), D(t,208.695663,209.366501,210.086395,210.60585))
(B(t,262.668732,264.952118,267.96701,269.240021), D(t,210.60585,210.784653,211.250122,209.156189))
(B(t,269.240021,273.259979,277.418945,277.976166), D(t,209.156189,202.543884,195.90358,187.357056))
(B(t,289.843353,298.188721,312.536224,316.191071), D(t,228.730743,232.188873,229.132019,222.716171))
(B(t,316.191071,302.094147,292.817444,282.575928), D(t,222.716171,214.883606,202.021606,189.234238))
(B(t,282.575928,279.019501,275.712646,272.486603), D(t,189.234238,196.900131,203.954773,211.046173))
(B(t,272.486603,271.870789,272.460327,273.436737), D(t,211.046173,212.399902,213.770081,214.720795))
(B(t,273.436737,278.419922,282.690216,289.843353), D(t,214.720795,219.57283,225.259232,228.730743))
(B(t,294.055481,295.647919,296.791779,298.930298), D(t,299.461548,295.809296,291.86618,288.567993))
(B(t,298.930298,302.861023,302.481171,296.901245), D(t,288.567993,282.505707,277.903412,272.811737))
(B(t,296.901245,291.341248,286.808624,281.223938), D(t,272.811737,267.738281,261.53891,255.144348))
(B(t,281.223938,277.543182,274.148834,270.780487), D(t,255.144348,262.907471,270.045563,277.195892))
(B(t,270.780487,270.33313,270.486725,270.9216), D(t,277.195892,278.145447,279.094879,280.072205))
(B(t,270.9216,275.38205,283.096161,291.966888), D(t,280.072205,290.096497,297.116913,303.639526))
(B(t,291.966888,292.753296,293.275818,294.055481), D(t,303.639526,302.129944,301.126953,299.461548))
(B(t,165.420853,165.854752,166.254959,166.728943), D(t,373.070618,374.84549,376.629456,378.393555))
(B(t,166.728943,168.075607,172.621414,175.866089), D(t,378.393555,383.405548,381.729553,382.586945))
(B(t,175.866089,178.225266,180.237778,181.505142), D(t,382.586945,383.210297,382.600403,379.871582))
(B(t,181.505142,185.423569,189.645523,193.684814), D(t,379.871582,371.434509,363.138855,354.75705))
(B(t,193.684814,194.434906,195.751694,194.56987), D(t,354.75705,353.200531,351.675079,349.200958))
(B(t,194.56987,184.5513,174.582214,164.093979), D(t,349.200958,348.925354,347.007446,342.786438))
(B(t,164.093979,164.507843,163.142609,165.420853), D(t,342.786438,353.450836,362.874084,373.070618))
(B(t,258.219391,261.118042,264.016663,267.349548), D(t,274.270905,275.362488,276.454102,277.709259))
(B(t,267.349548,270.459839,274.621246,278.558502), D(t,277.709259,269.352386,262.044403,253.99649))
(B(t,278.558502,272.524597,267.086304,262.045502), D(t,253.99649,251.829361,249.479156,246.321457))
(B(t,262.045502,254.186249,254.070709,249.281479), D(t,246.321457,241.398178,241.361771,249.275116))
(B(t,249.281479,246.32132,242.505447,240.371124), D(t,249.275116,254.16629,258.592346,264.094513))
(B(t,240.371124,246.041443,251.757675,258.219391), D(t,264.094513,268.083221,271.068756,274.270905))
(B(t,250.219467,252.176727,253.717285,254.684113), D(t,236.835632,236.849884,236.272125,234.348312))
(B(t,254.684113,257.999084,261.403442,265.011414), D(t,234.348312,227.752029,221.200668,214.169006))
(B(t,265.011414,255.916656,247.528198,239.13829), D(t,214.169006,213.226303,212.352386,211.492737))
(B(t,239.13829,238.089478,237.102844,236.513062), D(t,211.492737,211.385269,211.652206,212.571213))
(B(t,236.513062,231.528152,227.651917,223.284988), D(t,212.571213,220.338715,228.663635,237.663895))
(B(t,223.284988,232.603867,241.005844,250.219467), D(t,237.663895,237.662857,238.255234,236.835632))
(B(t,268.658722,272.9198,277.643738,281.365967), D(t,123.078766,120.758865,119.205513,116.197105))
(B(t,281.365967,273.752136,263.167999,252.431976), D(t,116.197105,106.205521,105.044693,104.23597))
(B(t,252.431976,249.426117,248.436462,248.224686), D(t,104.23597,104.009544,105.364014,108.312172))
(B(t,248.224686,247.68898,246.992661,245.998016), D(t,108.312172,115.769943,123.228271,130.637695))
(B(t,245.998016,244.933456,248.050552,256.499939), D(t,130.637695,138.567917,141.236923,138.669098))
(B(t,256.499939,253.747437,257.52243,262.858582), D(t,138.669098,132.170288,128.949921,126.491951))
(B(t,262.858582,264.663177,266.302948,268.658722), D(t,126.491951,125.660698,124.471642,123.078766))
(B(t,214.739365,208.973785,203.208206,197.24852), D(t,216.341507,217.885452,219.429382,221.025299))
(B(t,197.24852,196.771332,198.700485,198.181305), D(t,221.025299,225.031784,228.838974,232.848282))
(B(t,198.181305,197.677277,196.467499,197.826675), D(t,232.848282,236.740433,240.656693,244.776917))
(B(t,197.826675,200.35408,202.379547,204.625443), D(t,244.776917,245.13942,243.64621,243.25029))
(B(t,204.625443,214.442566,221.796356,225.326035), D(t,243.25029,241.519745,236.828339,226.962479))
(B(t,225.326035,227.17363,230.979141,232.558533), D(t,226.962479,221.798279,217.427368,211.390244))
(B(t,232.558533,226.082947,220.955582,214.739365), D(t,211.390244,212.283463,214.786392,216.341507))
(B(t,268.488861,270.582001,273.987762,275.330048), D(t,83.000282,77.693123,72.895996,66.673737))
(B(t,275.330048,266.525055,258.5802,249.985962), D(t,66.673737,66.197456,64.142067,62.02354))
(B(t,249.985962,249.985962,250.065384,249.964096), D(t,62.02354,66.968552,71.265572,75.558311))
(B(t,249.964096,249.858292,249.493866,249.391083), D(t,75.558311,80.04364,84.522934,89.008263))
(B(t,249.391083,249.106918,249.137527,261.723755), D(t,89.008263,101.407845,101.409401,101.755821))
(B(t,261.723755,261.862671,262.006104,262.698456), D(t,101.755821,101.759636,101.599136,101.188644))
(B(t,262.698456,259.417084,261.5979,263.019348), D(t,101.188644,98.472565,95.981644,93.364891))
(B(t,263.019348,264.765045,266.427185,268.488861), D(t,93.364891,90.151253,86.892235,83.000282))
(B(t,285.335022,280.208862,275.759521,271.585876), D(t,230.229538,226.749466,222.500595,217.961975))
(B(t,271.585876,269.777039,268.142059,266.842285), D(t,217.961975,215.994949,215.893661,218.245605))
(B(t,266.842285,263.244934,259.777344,256.135132), D(t,218.245605,224.755051,231.336243,238.118729))
(B(t,256.135132,263.128204,269.539886,277.35202), D(t,238.118729,242.874283,247.598755,249.875549))
(B(t,277.35202,278.808624,280.289307,281.375427), D(t,249.875549,250.300095,250.952469,249.282135))
(B(t,281.375427,284.701996,287.994171,291.243011), D(t,249.282135,244.166107,239.02774,233.986084))
(B(t,291.243011,289.735565,287.507996,285.335022), D(t,233.986084,231.933228,231.802765,230.229538))
(B(t,216.278214,214.682892,212.484222,211.884018), D(t,250.743027,254.47435,257.998962,263.208221))
(B(t,211.884018,219.787476,227.246521,234.705215), D(t,263.208221,263.208221,263.22937,263.186432))
(B(t,234.705215,235.884811,237.138397,237.797058), D(t,263.186432,263.179657,262.804565,261.779999))
(B(t,237.797058,242.149994,246.429886,250.944275), D(t,261.779999,255.008682,248.19043,241.054382))
(B(t,250.944275,243.055573,236.107071,229.227554), D(t,241.054382,241.054382,241.452805,240.934906))
(B(t,229.227554,223.152557,219.322784,217.540833), D(t,240.934906,240.477585,242.466766,248.306046))
(B(t,217.540833,217.350372,216.917862,216.278214), D(t,248.306046,248.93013,249.480331,250.743027))
(B(t,301.396881,304.027588,308.718506,309.763885), D(t,95.766342,93.624687,94.053314,90.191559))
(B(t,309.763885,311.648102,313.755951,314.15509), D(t,90.191559,83.2314,76.26033,68.242355))
(B(t,314.15509,310.204407,306.596954,302.989532), D(t,68.242355,68.242355,68.251389,68.238388))
(B(t,302.989532,301.28595,300.177246,299.454529), D(t,68.238388,68.232246,69.14077,70.559563))
(B(t,299.454529,294.708557,289.577667,284.089417), D(t,70.559563,79.876884,88.968361,97.875526))
(B(t,284.089417,282.072083,285.074524,287.011749), D(t,97.875526,101.149521,103.673325,105.576103))
(B(t,287.011749,289.233582,290.851562,292.112183), D(t,105.576103,107.758461,105.199898,103.542343))
(B(t,292.112183,294.475159,297.61618,301.396881), D(t,103.542343,100.435303,98.292969,95.766342))
(B(t,306.024353,309.30191,312.55722,315.864624), D(t,211.509781,213.775681,216.074646,218.296143))
(B(t,315.864624,318.158112,320.119781,321.803253), D(t,218.296143,219.836639,219.645599,217.182144))
(B(t,321.803253,326.209686,330.756561,335.161652), D(t,217.182144,210.7341,204.382019,197.933075))
(B(t,335.161652,336.693146,338.143402,335.607056), D(t,197.933075,195.690964,193.108673,190.749496))
(B(t,335.607056,333.148041,330.39267,327.03537), D(t,190.749496,188.462296,187.626617,189.689423))
(B(t,327.03537,321.092957,314.812653,308.919952), D(t,189.689423,193.340622,196.447327,200.171463))
(B(t,308.919952,306.361115,303.122528,301.580261), D(t,200.171463,201.78862,202.7836,205.836868))
(B(t,301.580261,302.399689,304.135193,306.024353), D(t,205.836868,208.036713,209.394028,211.509781))
(B(t,308.765839,312.591125,312.519775,306.99649), D(t,268.262268,262.420746,257.42453,252.195267))
(B(t,306.99649,303.35083,300.954071,298.21405), D(t,252.195267,248.743637,243.924118,239.580841))
(B(t,298.21405,296.179657,294.427307,292.089417), D(t,239.580841,236.356155,235.577774,239.254105))
(B(t,292.089417,290.044342,287.916962,285.591125), D(t,239.254105,242.470047,245.650482,248.665482))
(B(t,285.591125,283.892365,283.877655,285.635742), D(t,248.665482,250.867615,252.592621,254.805374))
(B(t,285.635742,290.694031,295.930908,301.638062), D(t,254.805374,261.171814,267.37262,273.164062))
(B(t,301.638062,302.504974,303.30307,305.184662), D(t,273.164062,274.043793,275.339813,274.847656))
(B(t,305.184662,306.223969,307.335022,308.765839), D(t,274.847656,272.959961,270.941925,268.262268))
(B(t,242.160629,240.354813,240.354599,251.784988), D(t,164.421616,175.647324,175.648331,178.10408))
(B(t,251.784988,252.755768,253.728333,254.706375), D(t,178.10408,178.312622,178.51683,178.686768))
(B(t,254.706375,257.435852,258.730316,258.720978), D(t,178.686768,179.161057,178.095108,175.230499))
(B(t,258.720978,258.691284,259.136963,257.797638), D(t,175.230499,166.111145,156.979172,147.904572))
(B(t,257.797638,257.297577,248.407486,245.440826), D(t,147.904572,144.516556,140.406845,142.188751))
(B(t,245.440826,244.426422,244.460663,244.351257), D(t,142.188751,142.798065,143.806366,144.794022))
(B(t,244.351257,243.658905,242.946457,242.160629), D(t,144.794022,151.04364,157.291016,164.421616))
(B(t,313.096191,309.45636,310.113922,310.191467), D(t,134.234558,133.601349,135.901581,138.177582))
(B(t,310.191467,310.340881,307.633179,303.079681), D(t,138.177582,142.561783,144.464005,143.152466))
(B(t,303.079681,303.949005,305.970184,302.22049), D(t,143.152466,140.811966,138.206604,135.793777))
(B(t,302.22049,301.321106,300.767303,299.701935), D(t,135.793777,139.057983,141.988602,144.719696))
(B(t,299.701935,298.088165,298.762878,301.444214), D(t,144.719696,148.856689,152.274109,155.814255))
(B(t,301.444214,304.971954,308.650696,312.893311), D(t,155.814255,160.471939,164.967606,168.963776))
(B(t,312.893311,314.518829,315.574249,318.996002), D(t,168.963776,170.494919,173.363647,171.627289))
(B(t,318.996002,322.086823,322.144135,321.786987), D(t,171.627289,170.058853,167.673828,164.933685))
(B(t,321.786987,320.42453,316.968323,313.096191), D(t,164.933685,154.480255,144.5961,134.234558))
(B(t,144.117722,143.511627,146.115891,157.078583), D(t,408.191101,420.260559,430.910248,437.97467))
(B(t,157.078583,158.307938,159.118683,160.296768), D(t,437.97467,438.766907,440.184631,441.085907))
(B(t,160.296768,162.282715,163.696503,166.821594), D(t,441.085907,442.605316,444.993073,445.809113))
(B(t,166.821594,166.325882,165.783905,165.470963), D(t,445.809113,441.19632,437.097351,432.980988))
(B(t,165.470963,165.143997,165.022141,164.842224), D(t,432.980988,428.680298,424.363495,420.052399))
(B(t,164.842224,164.772629,164.015732,162.520264), D(t,420.052399,418.384796,417.179626,416.513641))
(B(t,162.520264,157.090454,152.78978,148.703903), D(t,416.513641,414.095551,410.221466,406.026459))
(B(t,148.703903,146.471863,144.944778,144.117722), D(t,406.026459,403.734802,404.462677,408.191101))
(B(t,284.865997,285.714783,288.674072,293.831146), D(t,182.937927,189.528381,190.965149,187.366135))
(B(t,293.831146,296.136505,298.645447,300.902985), D(t,187.366135,185.757263,184.432953,182.764359))
(B(t,300.902985,304.831604,309.705536,313.216034), D(t,182.764359,179.860611,178.253967,174.035477))
(B(t,313.216034,307.240631,301.475677,296.583038), D(t,174.035477,168.317719,162.703888,155.074692))
(B(t,296.583038,292.528046,288.843414,284.865997), D(t,155.074692,164.73613,173.515121,182.937927))
(B(t,200.923676,204.461746,208.08876,213.051987), D(t,434.605255,439.560577,444.437042,448.982666))
(B(t,213.051987,216.610382,219.97998,222.16655), D(t,448.982666,443.578308,438.803162,432.985168))
(B(t,222.16655,213.231857,205.90036,198.987518), D(t,432.985168,428.334717,422.130493,415.403687))
(B(t,198.987518,197.109009,195.491913,193.390228), D(t,415.403687,413.575714,413.401428,415.159546))
(B(t,193.390228,191.497864,191.193405,192.497421), D(t,415.159546,416.742645,418.123169,420.249146))
(B(t,192.497421,195.272476,197.848068,200.923676), D(t,420.249146,424.773376,429.419983,434.605255))
(B(t,326.6633,322.666321,320.229309,319.252655), D(t,257.068634,256.881134,259.43045,262.626312))
(B(t,319.252655,317.011902,315.3909,313.235596), D(t,262.626312,269.95874,277.48053,286.049377))
(B(t,313.235596,320.311981,326.634674,333.066162), D(t,286.049377,282.604095,281.395416,280.675415))
(B(t,333.066162,335.515808,336.539246,336.120239), D(t,280.675415,280.401184,279.352966,276.71051))
(B(t,336.120239,335.497833,334.89743,334.870605), D(t,276.71051,272.784912,268.807251,264.847809))
(B(t,334.870605,334.835632,332.713287,326.6633), D(t,264.847809,259.690155,257.043488,257.068634))
(B(t,195.723007,204.208298,212.660309,222.893509), D(t,375.09729,370.442535,365.696014,365.492065))
(B(t,222.893509,213.915329,206.725006,199.496445), D(t,365.492065,362.010773,356.12561,350.443695))
(B(t,199.496445,194.294785,184.876328,185.188324), D(t,350.443695,356.592926,378.025909,383.214417))
(B(t,185.188324,188.640182,191.877106,195.723007), D(t,383.214417,380.531128,378.014923,375.09729))
(B(t,343.638336,342.382507,338.356873,334.300568), D(t,87.178787,82.646294,81.326981,78.771545))
(B(t,334.300568,335.824371,336.919739,337.317474), D(t,78.771545,89.206543,98.881012,108.640915))
(B(t,337.317474,337.581024,336.174652,329.562531), D(t,108.640915,115.108467,120.101517,122.571854))
(B(t,329.562531,328.431702,327.227203,326.551605), D(t,122.571854,122.994331,123.795776,125.744835))
(B(t,326.551605,331.02063,335.274445,339.508942), D(t,125.744835,125.744835,125.579376,125.794388))
(B(t,339.508942,343.256531,344.704712,345.131622), D(t,125.794388,125.984673,124.63517,120.757477))
(B(t,345.131622,346.345947,345.255768,343.638336), D(t,120.757477,109.727051,98.864449,87.178787))
(B(t,268.151184,267.436432,273.836914,280.82428), D(t,96.420654,101.834251,106.104805,104.841324))
(B(t,280.82428,281.10202,279.01709,279.094635), D(t,104.841324,102.343178,100.58699,97.830566))
(B(t,279.094635,279.240936,282.853668,284.833221), D(t,97.830566,92.632294,89.504601,85.446663))
(B(t,284.833221,287.541168,290.55011,293.526611), D(t,85.446663,79.895561,74.491287,68.840714))
(B(t,293.526611,282.843903,282.933197,278.678192), D(t,68.840714,66.299103,66.341499,75.304443))
(B(t,278.678192,275.408081,271.876648,268.151184), D(t,75.304443,82.192711,88.956924,96.420654))
(B(t,301.227234,298.498627,299.739777,300.61792), D(t,233.250473,234.125839,235.651108,237.084991))
(B(t,300.61792,302.008118,303.398193,304.840332), D(t,237.084991,239.355118,241.626236,243.863419))
(B(t,304.840332,307.512146,310.064697,313.901215), D(t,243.863419,248.008209,252.256149,255.70755))
(B(t,313.901215,319.613892,325.90625,332.138611), D(t,255.70755,250.565948,253.747055,253.964325))
(B(t,332.138611,328.793304,323.471283,314.986633), D(t,253.964325,246.068558,241.010406,239.394836))
(B(t,314.986633,317.641052,320.188202,322.999481), D(t,239.394836,236.175491,238.139694,237.22937))
(B(t,322.999481,315.779572,309.684265,301.227234), D(t,237.22937,234.610321,229.950043,233.250473))
(B(t,278.598969,278.280487,278.734344,277.431549), D(t,160.558121,166.86293,173.20784,179.465454))
(B(t,277.431549,277.096649,277.090637,279.345276), D(t,179.465454,181.074142,182.973969,183.446442))
(B(t,279.345276,281.195068,282.051392,282.640228), D(t,183.446442,183.834061,182.587997,181.088562))
(B(t,282.640228,286.168335,289.687408,293.227692), D(t,181.088562,172.104553,163.116989,154.137772))
(B(t,293.227692,294.231842,293.136292,290.691589), D(t,154.137772,151.590988,150.36586,149.929001))
(B(t,290.691589,276.784363,278.081238,278.546326), D(t,149.929001,147.443787,146.12352,159.32634))
(B(t,278.546326,278.552155,278.570679,278.598969), D(t,159.32634,159.492691,159.658569,160.558121))
(B(t,161.591812,159.414429,155.161926,149.597855), D(t,380.95697,374.85379,370.602478,367.524048))
(B(t,149.597855,148.28511,146.897324,145.414963), D(t,367.524048,366.797729,365.872711,366.778778))
(B(t,145.414963,143.816879,144.336594,144.622467), D(t,366.778778,367.755554,369.463562,370.867279))
(B(t,144.622467,145.430649,145.042099,144.690994), D(t,370.867279,374.835663,378.718811,382.723206))
(B(t,144.690994,144.307846,142.73056,142.339096), D(t,382.723206,387.093109,391.284149,396.75769))
(B(t,142.339096,149.258316,155.333542,160.458099), D(t,396.75769,393.189484,390.326874,385.810364))
(B(t,160.458099,161.673523,161.96109,161.591812), D(t,385.810364,384.739136,383.27298,380.95697))
(B(t,252.654968,249.163864,245.558609,242.215683), D(t,274.896515,272.988098,271.258026,269.118134))
(B(t,242.215683,239.23317,237.448486,236.098282), D(t,269.118134,267.208893,267.654083,270.925232))
(B(t,236.098282,234.95752,233.017853,237.544037), D(t,270.925232,273.688934,276.141693,278.021698))
(B(t,237.544037,245.061035,251.987946,258.659454), D(t,278.021698,281.144073,285.419128,290.093292))
(B(t,258.659454,259.816925,260.876099,262.887054), D(t,290.093292,290.904205,292.225739,291.531403))
(B(t,262.887054,263.391693,264.068268,264.549072), D(t,291.531403,290.528015,289.398254,288.190552))
(B(t,264.549072,267.026306,266.596893,260.544281), D(t,288.190552,281.96817,281.050964,278.562927))
(B(t,260.544281,258.094574,255.727234,252.654968), D(t,278.562927,277.555908,276.348419,274.896515))
(B(t,320.20816,322.018372,324.348602,325.482086), D(t,141.445404,147.65181,153.76506,160.092682))
(B(t,325.482086,326.473633,331.28241,322.544403), D(t,160.092682,165.627686,172.28006,176.096313))
(B(t,322.544403,326.364197,328.00592,330.266815), D(t,176.096313,180.822662,181.829239,180.91954))
(B(t,330.266815,332.92746,333.947571,333.670166), D(t,180.91954,179.848999,177.885376,175.010086))
(B(t,333.670166,332.285828,328.835052,321.851593), D(t,175.010086,160.662781,146.919861,134.209137))
(B(t,321.851593,321.041351,320.395294,317.666962), D(t,134.209137,132.734421,130.726913,131.226334))
(B(t,317.666962,317.218109,319.450317,320.20816), D(t,131.226334,134.700806,137.509216,141.445404))
(B(t,197.641159,195.195709,196.797409,196.288193), D(t,249.311584,254.504868,259.846558,265.199158))
(B(t,196.288193,202.518753,207.900299,209.080002), D(t,265.199158,264.715515,262.511566,259.921478))
(B(t,209.080002,211.537262,213.835251,216.342957), D(t,259.921478,254.526413,249.058823,243.289078))
(B(t,216.342957,209.888672,204.079224,197.641159), D(t,243.289078,244.409363,246.682053,249.311584))
(B(t,271.941498,273.260925,272.475555,271.950317), D(t,175.570267,167.792557,160.054626,152.252457))
(B(t,271.950317,271.60788,269.813171,264.755859), D(t,152.252457,147.165604,145.396149,146.28241))
(B(t,264.755859,264.643158,264.378571,264.466217), D(t,146.28241,147.168655,147.980988,148.753326))
(B(t,264.466217,265.482635,265.086426,264.404816), D(t,148.753326,157.710571,166.657639,175.60968))
(B(t,264.404816,264.202118,263.716522,267.694733), D(t,175.60968,178.271484,181.127029,181.594131))
(B(t,267.694733,271.92807,271.577972,271.941498), D(t,181.594131,182.091156,179.049255,175.570267))
(B(t,294.199432,293.794281,291.768402,290.319244), D(t,129.406784,126.135307,127.255646,128.225342))
(B(t,290.319244,286.17038,282.013702,278.155609), D(t,128.225342,131.001511,133.8078,136.963562))
(B(t,278.155609,274.976746,276.183075,280.277161), D(t,136.963562,139.563736,143.840973,144.849609))
(B(t,280.277161,282.846954,285.54657,288.176514), D(t,144.849609,145.482712,145.573181,145.980927))
(B(t,288.176514,296.272369,299.764221,297.902191), D(t,145.980927,147.236084,143.307999,135.001892))
(B(t,297.902191,293.827515,297.181,295.641846), D(t,135.001892,135.240005,138.879822,140.312912))
(B(t,295.641846,291.094055,290.783966,294.199432), D(t,140.312912,137.038208,135.045837,129.406784))
(B(t,154.978485,156.941055,160.29129,160.78334), D(t,342.387695,340.548187,340.30545,336.749878))
(B(t,160.78334,162.095657,163.339813,166.61235), D(t,336.749878,327.266754,317.761078,308.31369))
(B(t,166.61235,160.723679,149.524277,149.073837), D(t,308.31369,310.828979,334.919098,345.736206))
(B(t,149.073837,151.032394,152.717468,154.978485), D(t,345.736206,344.659424,343.733002,342.387695))
(B(t,297.382568,306.486389,315.590179,325.206635), D(t,199.514618,194.501862,189.48912,184.194092))
(B(t,325.206635,322.119141,320.352051,316.144165), D(t,184.194092,181.178452,177.239334,179.552673))
(B(t,316.144165,308.995544,302.384369,295.953247), D(t,179.552673,183.482651,188.296509,193.320267))
(B(t,295.953247,292.891052,292.964294,297.382568), D(t,193.320267,195.712341,197.911285,199.514618))
(B(t,183.572571,184.690491,185.691544,185.34108), D(t,414.687653,414.533783,413.913635,412.784851))
(B(t,185.34108,183.672638,181.932556,180.010071), D(t,412.784851,407.411285,402.054871,396.767975))
(B(t,180.010071,179.331924,177.805923,176.06868), D(t,396.767975,394.902985,394.313568,395.830963))
(B(t,176.06868,170.294937,168.021255,168.578842), D(t,395.830963,400.874146,407.23645,414.751801))
(B(t,168.578842,173.555527,178.160553,183.572571), D(t,414.751801,414.751801,414.751801,414.687653))
(B(t,277.291656,273.97998,271.965179,269.277924), D(t,294.196198,291.448212,287.606842,284.243713))
(B(t,269.277924,267.696411,267.916809,267.044159), D(t,284.243713,285.595856,287.500183,288.819611))
(B(t,267.044159,264.518982,265.858307,269.45401), D(t,288.819611,292.637573,294.86496,297.145538))
(B(t,269.45401,274.331055,279.038086,283.180176), D(t,297.145538,300.238831,303.674469,307.764679))
(B(t,283.180176,285.214844,286.35553,289.189209), D(t,307.764679,309.773895,312.694366,314.123474))
(B(t,289.189209,291.585724,291.105011,287.050537), D(t,314.123474,309.523529,306.035553,302.961151))
(B(t,287.050537,283.766083,280.869049,277.291656), D(t,302.961151,300.470642,297.469208,294.196198))
(B(t,306.103058,307.025055,307.327271,304.663025), D(t,295.724091,292.261292,288.899506,285.90976))
(B(t,304.663025,295.153961,292.985382,300.895111), D(t,285.90976,295.153809,312.445923,318.965118))
(B(t,300.895111,302.58902,304.227539,306.103058), D(t,318.965118,311.316467,303.917786,295.724091))
(B(t,303.158417,302.100983,301.268768,299.898285), D(t,350.216492,345.867432,341.445709,337.197632))
(B(t,299.898285,299.125397,297.855499,298.84137), D(t,337.197632,334.80191,332.532654,330.037781))
(B(t,298.84137,301.389435,296.871124,293.736359), D(t,330.037781,323.589661,320.121399,315.981934))
(B(t,293.736359,292.362305,292.1987,292.383026), D(t,315.981934,316.708496,317.613281,318.380829))
(B(t,292.383026,293.903351,295.091522,294.598755), D(t,318.380829,324.711151,330.619537,337.643768))
(B(t,294.598755,293.994995,299.909912,305.84964), D(t,337.643768,346.249908,354.782593,362.095459))
(B(t,305.84964,305.034607,304.219604,303.158417), D(t,362.095459,358.400543,354.705627,350.216492))
(B(t,163.205399,157.850357,154.541229,150.296173), D(t,392.964935,394.424377,398.632111,402.084351))
(B(t,150.296173,154.110947,158.232468,164.619507), D(t,402.084351,407.260681,411.332947,413.500305))
(B(t,164.619507,166.436203,168.41124,163.205399), D(t,413.500305,406.464874,399.840912,392.964935))
(B(t,277.123138,273.097351,269.17453,265.013458), D(t,124.644714,126.981956,129.526703,131.591309))
(B(t,265.013458,261.635742,261.639893,262.56427), D(t,131.591309,133.267242,135.656097,138.617599))
(B(t,262.56427,263.587219,265.7229,268.970154), D(t,138.617599,141.894791,143.029099,142.229156))
(B(t,268.970154,271.03363,282.522644,289.048035), D(t,142.229156,130.825424,129.072586,122.260292))
(B(t,289.048035,287.695343,285.988373,283.947296), D(t,122.260292,119.980331,119.945808,121.08886))
(B(t,283.947296,281.92572,279.854645,277.123138), D(t,121.08886,122.220955,123.264595,124.644714))
(B(t,168.900177,164.124283,155.483597,149.651672), D(t,455.777771,447.774567,443.63855,436.644989))
(B(t,149.651672,153.84964,163.07843,172.458267), D(t,436.644989,449.282532,458.256042,468.556702))
(B(t,172.458267,171.144104,170.145493,168.900177), D(t,468.556702,463.770844,460.134125,455.777771))
(B(t,190.944702,189.13356,187.202515,185.537308), D(t,252.804642,253.940399,254.924881,256.244751))
(B(t,185.537308,182.470047,184.436859,184.968048), D(t,256.244751,258.675873,261.697021,264.439667))
(B(t,184.968048,185.42865,187.460159,189.328003), D(t,264.439667,266.817993,266.637543,266.546997))
(B(t,189.328003,192.059875,193.277649,193.200546), D(t,266.546997,266.41452,264.545624,262.296295))
(B(t,193.200546,193.085266,195.768951,191.909042), D(t,262.296295,258.932587,255.121674,252.247147))
(B(t,191.909042,191.843079,191.617035,190.944702), D(t,252.247147,252.198029,252.363876,252.804642))
(B(t,229.558136,233.350372,233.001648,234.824051), D(t,274.077789,273.329285,269.79541,266.74469))
(B(t,234.824051,226.717346,219.287445,210.979309), D(t,266.74469,266.74469,266.74469,266.74469))
(B(t,210.979309,217.141785,223.315475,229.558136), D(t,266.74469,270.28595,271.367584,274.077789))
(B(t,152.367615,151.478989,149.800583,149.306015), D(t,347.701263,348.607544,348.531952,350.270538))
(B(t,149.306015,153.511063,156.787872,160.727936), D(t,350.270538,352.910553,356.608917,361.495178))
(B(t,160.727936,160.526505,161.191101,160.088181), D(t,361.495178,354.892426,349.55246,344.240082))
(B(t,160.088181,156.753052,155.181427,152.367615), D(t,344.240082,344.065063,346.434937,347.701263))
(B(t,175.399445,172.695236,169.991028,167.014206), D(t,385.989014,385.560608,385.132172,384.660583))
(B(t,167.014206,167.883316,166.049255,169.503067), D(t,384.660583,389.279266,393.7005,397.330292))
(B(t,169.503067,173.064407,175.15889,177.700134), D(t,397.330292,395.486084,392.197754,389.449036))
(B(t,177.700134,179.385529,178.3013,175.399445), D(t,389.449036,387.626099,386.467316,385.989014))
(B(t,167.556702,164.531158,161.50563,158.480087), D(t,199.177124,200.766083,202.355042,203.944))
(B(t,158.480087,163.864624,168.875946,173.883926), D(t,203.944,203.69104,202.731598,201.75499))
(B(t,173.883926,179.186996,179.519241,176.145157), D(t,201.75499,200.720825,199.799301,194.886551))
(B(t,176.145157,173.532349,170.881699,167.556702), D(t,194.886551,196.20462,197.541794,199.177124))
(B(t,247.327072,248.628738,249.930389,251.3508), D(t,393.311035,395.826965,398.342865,401.088348))
(B(t,251.3508,254.165543,252.205215,245.800217), D(t,401.088348,394.732513,387.293335,383.366333))
(B(t,245.800217,247.737381,246.407486,247.327072), D(t,383.366333,387.032135,389.820374,393.311035))
(B(t,312.31665,316.250549,319.844452,321.57254), D(t,129.508011,127.86718,125.868355,121.417007))
(B(t,321.57254,317.26181,314.642609,312.662933), D(t,121.417007,119.356842,122.555779,124.1745))
(B(t,312.662933,308.95874,309.404449,312.31665), D(t,124.1745,127.203316,127.748405,129.508011))
(B(t,336.506287,340.362915,343.853149,348.418884), D(t,253.44873,256.100311,254.440277,252.541885))
(B(t,348.418884,343.363037,339.273529,334.46579), D(t,252.541885,251.020218,250.200699,249.798279))
(B(t,334.46579,335.20697,335.657043,336.506287), D(t,249.798279,251.195892,252.044556,253.44873))
(B(t,186.522095,186.24411,185.970627,185.681274), D(t,403.091156,402.957947,402.811737,402.711395))
(B(t,185.681274,185.651947,185.431854,185.459793), D(t,402.711395,402.701263,402.991547,403.102142))
(B(t,185.459793,186.41301,187.34462,190.03801), D(t,403.102142,406.879242,410.669464,413.786346))
(B(t,190.03801,191.644821,192.990189,193.160324), D(t,413.786346,413.077362,412.315796,410.456451))
(B(t,193.160324,191.015259,188.929123,186.522095), D(t,410.456451,408.102417,405.813049,403.091156))
(B(t,246.687607,247.258026,247.828461,248.233551), D(t,429.491028,428.289276,427.087555,426.234131))
(B(t,248.233551,243.939758,242.755844,241.122162), D(t,426.234131,424.602081,427.789337,430.63269))
(B(t,241.122162,243.127609,245.018127,246.687607), D(t,430.63269,432.462616,434.202942,429.491028))
(B(t,308.952454,307.776245,305.217773,308.51059), D(t,275.368378,278.067352,280.620056,284.441284))
(B(t,308.51059,309.608002,310.583466,311.55896), D(t,284.441284,279.332367,274.791077,270.249786))
(B(t,311.55896,311.418213,311.277466,311.136719), D(t,270.249786,270.213409,270.177032,270.140625))
(B(t,311.136719,310.517212,309.897705,308.952454), D(t,270.140625,271.670959,273.201294,275.368378))
(B(t,320.040527,317.55661,316.497101,314.93277), D(t,229.442123,226.039032,228.675964,230.431488))
(B(t,314.93277,316.80423,318.610229,320.578949), D(t,230.431488,231.94783,232.467758,232.349121))
(B(t,320.578949,321.238068,320.628967,320.040527), D(t,232.349121,231.368149,230.681686,229.442123))
(B(t,168.060272,167.337585,166.614899,165.447937), D(t,299.528778,300.898407,302.268005,304.479614))
(B(t,165.447937,169.462494,169.452057,169.716873), D(t,304.479614,302.372559,299.340363,296.434601))
(B(t,169.716873,169.255463,168.794052,168.060272), D(t,296.434601,297.27951,298.124451,299.528778))
(B(t,203.181702,200.299683,200.179871,197.770264), D(t,26.599255,26.925131,23.457676,23.215572))
(B(t,197.770264,196.322784,200.068558,197.761292), D(t,23.215572,25.912531,28.468731,31.490461))
(B(t,197.761292,191.957825,185.591003,179.445618), D(t,31.490461,26.559299,31.756865,30.409466))
(B(t,179.445618,177.317093,174.897995,172.880325), D(t,30.409466,29.942781,30.883286,29.441286))
(B(t,172.880325,173.592972,177.935699,178.53392), D(t,29.441286,26.017521,28.284601,25.295347))
(B(t,178.53392,177.994583,175.366379,174.384995), D(t,25.295347,22.682573,25.132742,23.362804))
(B(t,174.384995,174.365005,180.985825,180.36235), D(t,23.362804,19.538746,21.548346,16.775148))
(B(t,180.36235,176.548447,174.071991,170.619644), D(t,16.775148,15.90757,19.525616,19.695923))
(B(t,170.619644,171.337769,175.228424,184.395081), D(t,19.695923,14.725946,12.786482,12.620345))
(B(t,184.395081,189.901321,189.901321,200.100327), D(t,12.620345,12.52055,12.520549,18.883507))
(B(t,200.100327,202.265732,204.732803,206.89473), D(t,18.883507,15.900725,15.957237,19.004995))
(B(t,206.89473,210.756653,210.756653,215.180069), D(t,19.004995,16.375128,16.375128,21.710836))
(B(t,215.180069,217.801865,215.718872,217.79921), D(t,21.710836,20.002371,16.518711,14.635058))
(B(t,217.79921,219.463409,220.492249,220.931732), D(t,14.635058,14.122099,15.091749,16.362013))
(B(t,220.931732,222.242615,224.544617,227.420319), D(t,16.362013,20.150915,20.409624,18.291857))
(B(t,227.420319,228.789856,229.751999,231.410934), D(t,18.291857,17.283262,17.294182,17.841993))
(B(t,231.410934,234.665268,237.887817,241.139221), D(t,17.841993,18.916643,17.229151,16.792801))
(B(t,241.139221,242.790253,244.660751,246.491837), D(t,16.792801,16.571226,15.278702,17.539803))
(B(t,246.491837,243.50618,238.215775,235.102859), D(t,17.539803,21.015089,18.804991,21.844147))
(B(t,235.102859,237.331207,241.926575,243.884979), D(t,21.844147,25.000217,22.168951,25.600197))
(B(t,243.884979,237.492142,226.979065,220.005524), D(t,25.600197,29.643705,33.538113,24.90571))
(B(t,220.005524,218.17218,216.519135,213.035263), D(t,24.90571,27.109432,30.384375,27.059759))
(B(t,213.035263,212.507263,211.79248,211.331085), D(t,27.059759,26.555895,26.876137,27.469393))
(B(t,211.331085,208.90004,207.461182,206.155182), D(t,27.469393,30.595181,28.631422,26.415123))
(B(t,206.155182,205.152939,204.334091,203.181702), D(t,26.415123,24.71427,25.741451,26.599255))
(B(t,186.273392,184.835495,183.928406,186.473816), D(t,15.945981,17.441353,18.996891,20.205151))
(B(t,186.473816,187.866272,189.66568,190.2258), D(t,20.205151,20.866135,21.136227,19.240248))
(B(t,190.2258,191.040268,189.029602,186.273392), D(t,19.240248,16.483305,15.891524,15.945981))
(B(t,188.02182,184.755447,184.591171,183.099823), D(t,25.528862,22.962473,22.989727,26.552883))
(B(t,183.099823,184.745285,186.298828,188.02182), D(t,26.552883,26.782335,27.256832,25.528862))
(B(t,157.334091,157.986145,159.093613,158.785507), D(t,26.119473,24.993044,24.493256,22.944878))
(B(t,158.785507,152.633301,151.842468,147.332367), D(t,22.944878,21.678778,29.085051,30.520294))
(B(t,147.332367,146.597855,157.15741,161.512634), D(t,30.520294,25.493385,12.289491,12.472088))
(B(t,161.512634,162.426407,158.847549,159.211105), D(t,12.472088,15.015905,15.745041,18.06966))
(B(t,159.211105,167.701782,167.701782,163.030563), D(t,18.06966,19.230217,19.230217,25.92231))
(B(t,163.030563,165.592026,168.424011,171.347305), D(t,25.92231,26.777756,23.903412,26.735558))
(B(t,171.347305,167.061798,162.714615,158.349182), D(t,26.735558,29.362883,29.704464,29.503387))
(B(t,158.349182,156.604858,156.58905,157.334091), D(t,29.503387,29.423042,27.829195,26.119473))
(B(t,132.597076,131.947266,131.311401,131.331512), D(t,20.576431,20.064266,19.690254,19.355701))
(B(t,131.331512,131.58342,139.639481,144.257736), D(t,19.355701,15.168313,9.071636,9.535159))
(B(t,144.257736,145.027176,142.977188,141.793045), D(t,9.535159,11.819292,12.243145,13.203578))
(B(t,141.793045,140.662003,139.471542,138.151474), D(t,13.203578,14.120975,14.965163,15.958748))
(B(t,138.151474,139.93605,143.704269,142.966736), D(t,15.958748,17.312511,15.617971,19.621319))
(B(t,142.966736,142.131607,138.915817,131.70813), D(t,19.621319,24.154608,25.742968,24.952374))
(B(t,131.70813,132.504242,135.969833,137.64296), D(t,24.952374,21.795002,22.943073,21.030336))
(B(t,137.64296,135.963303,134.439575,132.597076), D(t,21.030336,20.924658,20.828789,20.576431))
(B(t,169.079025,166.914307,159.954193,154.065292), D(t,57.385574,65.336494,68.226349,72.26162))
(B(t,154.065292,158.705231,161.454208,169.079025), D(t,72.26162,66.915916,59.731228,57.385574))
(B(t,148.375092,146.996887,146.5345,143.035858), D(t,19.404055,21.737305,24.370361,25.812838))
(B(t,143.035858,142.947296,145.537064,147.844284), D(t,25.812838,20.605349,17.449238,13.935383))
(B(t,147.844284,150.632111,149.023941,148.375092), D(t,13.935383,15.884088,17.495098,19.404055))
(B(t,165.824524,167.38382,169.633926,173.195084), D(t,42.795422,39.660725,37.720829,37.485455))
(B(t,173.195084,171.37468,170.062195,165.824524), D(t,37.485455,40.114887,43.338463,42.795422))
